<?xml version="1.0" encoding="UTF-8"?>
<testsuite xmlns:xsi="http://www.w3.org/2001/XMLSchema-instance" xsi:noNamespaceSchemaLocation="https://maven.apache.org/surefire/maven-surefire-plugin/xsd/surefire-test-report.xsd" name="runner.TestRunner" time="5.574" tests="2" errors="2" skipped="0" failures="0">
  <properties>
    <property name="gopherProxySet" value="false"/>
    <property name="awt.toolkit" value="sun.lwawt.macosx.LWCToolkit"/>
    <property name="file.encoding.pkg" value="sun.io"/>
    <property name="java.specification.version" value="1.8"/>
    <property name="sun.cpu.isalist" value=""/>
    <property name="sun.jnu.encoding" value="UTF-8"/>
    <property name="java.class.path" value="/Users/maryamghalib/eclipse-workspace/us.tekschool.capstone.bdd/target/test-classes:/Users/maryamghalib/eclipse-workspace/us.tekschool.capstone.bdd/target/classes:/Users/maryamghalib/.m2/repository/org/seleniumhq/selenium/selenium-java/3.141.59/selenium-java-3.141.59.jar:/Users/maryamghalib/.m2/repository/org/seleniumhq/selenium/selenium-api/3.141.59/selenium-api-3.141.59.jar:/Users/maryamghalib/.m2/repository/org/seleniumhq/selenium/selenium-chrome-driver/3.141.59/selenium-chrome-driver-3.141.59.jar:/Users/maryamghalib/.m2/repository/org/seleniumhq/selenium/selenium-edge-driver/3.141.59/selenium-edge-driver-3.141.59.jar:/Users/maryamghalib/.m2/repository/org/seleniumhq/selenium/selenium-firefox-driver/3.141.59/selenium-firefox-driver-3.141.59.jar:/Users/maryamghalib/.m2/repository/org/seleniumhq/selenium/selenium-ie-driver/3.141.59/selenium-ie-driver-3.141.59.jar:/Users/maryamghalib/.m2/repository/org/seleniumhq/selenium/selenium-opera-driver/3.141.59/selenium-opera-driver-3.141.59.jar:/Users/maryamghalib/.m2/repository/org/seleniumhq/selenium/selenium-remote-driver/3.141.59/selenium-remote-driver-3.141.59.jar:/Users/maryamghalib/.m2/repository/org/seleniumhq/selenium/selenium-safari-driver/3.141.59/selenium-safari-driver-3.141.59.jar:/Users/maryamghalib/.m2/repository/org/seleniumhq/selenium/selenium-support/3.141.59/selenium-support-3.141.59.jar:/Users/maryamghalib/.m2/repository/net/bytebuddy/byte-buddy/1.8.15/byte-buddy-1.8.15.jar:/Users/maryamghalib/.m2/repository/org/apache/commons/commons-exec/1.3/commons-exec-1.3.jar:/Users/maryamghalib/.m2/repository/com/google/guava/guava/25.0-jre/guava-25.0-jre.jar:/Users/maryamghalib/.m2/repository/com/google/code/findbugs/jsr305/1.3.9/jsr305-1.3.9.jar:/Users/maryamghalib/.m2/repository/org/checkerframework/checker-compat-qual/2.0.0/checker-compat-qual-2.0.0.jar:/Users/maryamghalib/.m2/repository/com/google/errorprone/error_prone_annotations/2.1.3/error_prone_annotations-2.1.3.jar:/Users/maryamghalib/.m2/repository/com/google/j2objc/j2objc-annotations/1.1/j2objc-annotations-1.1.jar:/Users/maryamghalib/.m2/repository/org/codehaus/mojo/animal-sniffer-annotations/1.14/animal-sniffer-annotations-1.14.jar:/Users/maryamghalib/.m2/repository/com/squareup/okhttp3/okhttp/3.11.0/okhttp-3.11.0.jar:/Users/maryamghalib/.m2/repository/com/squareup/okio/okio/1.14.0/okio-1.14.0.jar:/Users/maryamghalib/.m2/repository/junit/junit/4.11/junit-4.11.jar:/Users/maryamghalib/.m2/repository/org/hamcrest/hamcrest-core/1.3/hamcrest-core-1.3.jar:/Users/maryamghalib/.m2/repository/io/cucumber/cucumber-java/6.11.0/cucumber-java-6.11.0.jar:/Users/maryamghalib/.m2/repository/io/cucumber/cucumber-core/6.11.0/cucumber-core-6.11.0.jar:/Users/maryamghalib/.m2/repository/io/cucumber/cucumber-gherkin/6.11.0/cucumber-gherkin-6.11.0.jar:/Users/maryamghalib/.m2/repository/io/cucumber/cucumber-gherkin-messages/6.11.0/cucumber-gherkin-messages-6.11.0.jar:/Users/maryamghalib/.m2/repository/io/cucumber/messages/15.0.0/messages-15.0.0.jar:/Users/maryamghalib/.m2/repository/io/cucumber/tag-expressions/3.0.1/tag-expressions-3.0.1.jar:/Users/maryamghalib/.m2/repository/io/cucumber/cucumber-expressions/10.3.0/cucumber-expressions-10.3.0.jar:/Users/maryamghalib/.m2/repository/io/cucumber/datatable/3.5.0/datatable-3.5.0.jar:/Users/maryamghalib/.m2/repository/io/cucumber/cucumber-plugin/6.11.0/cucumber-plugin-6.11.0.jar:/Users/maryamghalib/.m2/repository/io/cucumber/docstring/6.11.0/docstring-6.11.0.jar:/Users/maryamghalib/.m2/repository/io/cucumber/html-formatter/13.0.0/html-formatter-13.0.0.jar:/Users/maryamghalib/.m2/repository/io/cucumber/create-meta/4.0.0/create-meta-4.0.0.jar:/Users/maryamghalib/.m2/repository/org/apiguardian/apiguardian-api/1.1.2/apiguardian-api-1.1.2.jar:/Users/maryamghalib/.m2/repository/commons-io/commons-io/2.11.0/commons-io-2.11.0.jar:/Users/maryamghalib/.m2/repository/org/apache/logging/log4j/log4j-core/2.17.2/log4j-core-2.17.2.jar:/Users/maryamghalib/.m2/repository/org/apache/logging/log4j/log4j-api/2.17.2/log4j-api-2.17.2.jar:/Users/maryamghalib/.m2/repository/log4j/log4j/1.2.17/log4j-1.2.17.jar:/Users/maryamghalib/.m2/repository/net/masterthought/cucumber-reporting/4.11.2/cucumber-reporting-4.11.2.jar:/Users/maryamghalib/.m2/repository/com/fasterxml/jackson/core/jackson-databind/2.9.9.3/jackson-databind-2.9.9.3.jar:/Users/maryamghalib/.m2/repository/com/fasterxml/jackson/core/jackson-annotations/2.9.0/jackson-annotations-2.9.0.jar:/Users/maryamghalib/.m2/repository/com/fasterxml/jackson/core/jackson-core/2.9.9/jackson-core-2.9.9.jar:/Users/maryamghalib/.m2/repository/org/apache/velocity/velocity/1.7/velocity-1.7.jar:/Users/maryamghalib/.m2/repository/commons-lang/commons-lang/2.4/commons-lang-2.4.jar:/Users/maryamghalib/.m2/repository/commons-collections/commons-collections/3.2.2/commons-collections-3.2.2.jar:/Users/maryamghalib/.m2/repository/velocity-tools/velocity-tools/1.4/velocity-tools-1.4.jar:/Users/maryamghalib/.m2/repository/joda-time/joda-time/2.10.2/joda-time-2.10.2.jar:/Users/maryamghalib/.m2/repository/org/apache/commons/commons-lang3/3.9/commons-lang3-3.9.jar:/Users/maryamghalib/.m2/repository/org/codehaus/plexus/plexus-utils/3.2.0/plexus-utils-3.2.0.jar:/Users/maryamghalib/.m2/repository/org/jsoup/jsoup/1.12.1/jsoup-1.12.1.jar:/Users/maryamghalib/.m2/repository/com/googlecode/owasp-java-html-sanitizer/owasp-java-html-sanitizer/20190610.1/owasp-java-html-sanitizer-20190610.1.jar:/Users/maryamghalib/.m2/repository/commons-configuration/commons-configuration/1.10/commons-configuration-1.10.jar:/Users/maryamghalib/.m2/repository/commons-logging/commons-logging/1.1.1/commons-logging-1.1.1.jar:/Users/maryamghalib/.m2/repository/io/cucumber/cucumber-junit/6.11.0/cucumber-junit-6.11.0.jar:/Users/maryamghalib/.m2/repository/io/github/bonigarcia/webdrivermanager/3.8.1/webdrivermanager-3.8.1.jar:/Users/maryamghalib/.m2/repository/org/slf4j/slf4j-api/1.7.25/slf4j-api-1.7.25.jar:/Users/maryamghalib/.m2/repository/com/google/code/gson/gson/2.8.5/gson-2.8.5.jar:/Users/maryamghalib/.m2/repository/org/apache/httpcomponents/httpclient/4.5.6/httpclient-4.5.6.jar:/Users/maryamghalib/.m2/repository/org/apache/httpcomponents/httpcore/4.4.10/httpcore-4.4.10.jar:/Users/maryamghalib/.m2/repository/commons-codec/commons-codec/1.10/commons-codec-1.10.jar:/Users/maryamghalib/.m2/repository/org/rauschig/jarchivelib/1.0.0/jarchivelib-1.0.0.jar:/Users/maryamghalib/.m2/repository/org/apache/commons/commons-compress/1.18/commons-compress-1.18.jar:"/>
    <property name="java.vm.vendor" value="Oracle Corporation"/>
    <property name="sun.arch.data.model" value="64"/>
    <property name="java.vendor.url" value="http://java.oracle.com/"/>
    <property name="user.timezone" value=""/>
    <property name="java.vm.specification.version" value="1.8"/>
    <property name="os.name" value="Mac OS X"/>
    <property name="user.country" value="US"/>
    <property name="sun.java.launcher" value="SUN_STANDARD"/>
    <property name="sun.boot.library.path" value="/Library/Java/JavaVirtualMachines/jdk1.8.0_241.jdk/Contents/Home/jre/lib"/>
    <property name="sun.java.command" value="/Users/maryamghalib/eclipse-workspace/us.tekschool.capstone.bdd/target/surefire/surefirebooter7015302254785277937.jar /Users/maryamghalib/eclipse-workspace/us.tekschool.capstone.bdd/target/surefire 2022-08-17T15-11-43_910-jvmRun1 surefire7605667925037408068tmp surefire_05202706847435764666tmp"/>
    <property name="http.nonProxyHosts" value="local|*.local|169.254/16|*.169.254/16"/>
    <property name="surefire.test.class.path" value="/Users/maryamghalib/eclipse-workspace/us.tekschool.capstone.bdd/target/test-classes:/Users/maryamghalib/eclipse-workspace/us.tekschool.capstone.bdd/target/classes:/Users/maryamghalib/.m2/repository/org/seleniumhq/selenium/selenium-java/3.141.59/selenium-java-3.141.59.jar:/Users/maryamghalib/.m2/repository/org/seleniumhq/selenium/selenium-api/3.141.59/selenium-api-3.141.59.jar:/Users/maryamghalib/.m2/repository/org/seleniumhq/selenium/selenium-chrome-driver/3.141.59/selenium-chrome-driver-3.141.59.jar:/Users/maryamghalib/.m2/repository/org/seleniumhq/selenium/selenium-edge-driver/3.141.59/selenium-edge-driver-3.141.59.jar:/Users/maryamghalib/.m2/repository/org/seleniumhq/selenium/selenium-firefox-driver/3.141.59/selenium-firefox-driver-3.141.59.jar:/Users/maryamghalib/.m2/repository/org/seleniumhq/selenium/selenium-ie-driver/3.141.59/selenium-ie-driver-3.141.59.jar:/Users/maryamghalib/.m2/repository/org/seleniumhq/selenium/selenium-opera-driver/3.141.59/selenium-opera-driver-3.141.59.jar:/Users/maryamghalib/.m2/repository/org/seleniumhq/selenium/selenium-remote-driver/3.141.59/selenium-remote-driver-3.141.59.jar:/Users/maryamghalib/.m2/repository/org/seleniumhq/selenium/selenium-safari-driver/3.141.59/selenium-safari-driver-3.141.59.jar:/Users/maryamghalib/.m2/repository/org/seleniumhq/selenium/selenium-support/3.141.59/selenium-support-3.141.59.jar:/Users/maryamghalib/.m2/repository/net/bytebuddy/byte-buddy/1.8.15/byte-buddy-1.8.15.jar:/Users/maryamghalib/.m2/repository/org/apache/commons/commons-exec/1.3/commons-exec-1.3.jar:/Users/maryamghalib/.m2/repository/com/google/guava/guava/25.0-jre/guava-25.0-jre.jar:/Users/maryamghalib/.m2/repository/com/google/code/findbugs/jsr305/1.3.9/jsr305-1.3.9.jar:/Users/maryamghalib/.m2/repository/org/checkerframework/checker-compat-qual/2.0.0/checker-compat-qual-2.0.0.jar:/Users/maryamghalib/.m2/repository/com/google/errorprone/error_prone_annotations/2.1.3/error_prone_annotations-2.1.3.jar:/Users/maryamghalib/.m2/repository/com/google/j2objc/j2objc-annotations/1.1/j2objc-annotations-1.1.jar:/Users/maryamghalib/.m2/repository/org/codehaus/mojo/animal-sniffer-annotations/1.14/animal-sniffer-annotations-1.14.jar:/Users/maryamghalib/.m2/repository/com/squareup/okhttp3/okhttp/3.11.0/okhttp-3.11.0.jar:/Users/maryamghalib/.m2/repository/com/squareup/okio/okio/1.14.0/okio-1.14.0.jar:/Users/maryamghalib/.m2/repository/junit/junit/4.11/junit-4.11.jar:/Users/maryamghalib/.m2/repository/org/hamcrest/hamcrest-core/1.3/hamcrest-core-1.3.jar:/Users/maryamghalib/.m2/repository/io/cucumber/cucumber-java/6.11.0/cucumber-java-6.11.0.jar:/Users/maryamghalib/.m2/repository/io/cucumber/cucumber-core/6.11.0/cucumber-core-6.11.0.jar:/Users/maryamghalib/.m2/repository/io/cucumber/cucumber-gherkin/6.11.0/cucumber-gherkin-6.11.0.jar:/Users/maryamghalib/.m2/repository/io/cucumber/cucumber-gherkin-messages/6.11.0/cucumber-gherkin-messages-6.11.0.jar:/Users/maryamghalib/.m2/repository/io/cucumber/messages/15.0.0/messages-15.0.0.jar:/Users/maryamghalib/.m2/repository/io/cucumber/tag-expressions/3.0.1/tag-expressions-3.0.1.jar:/Users/maryamghalib/.m2/repository/io/cucumber/cucumber-expressions/10.3.0/cucumber-expressions-10.3.0.jar:/Users/maryamghalib/.m2/repository/io/cucumber/datatable/3.5.0/datatable-3.5.0.jar:/Users/maryamghalib/.m2/repository/io/cucumber/cucumber-plugin/6.11.0/cucumber-plugin-6.11.0.jar:/Users/maryamghalib/.m2/repository/io/cucumber/docstring/6.11.0/docstring-6.11.0.jar:/Users/maryamghalib/.m2/repository/io/cucumber/html-formatter/13.0.0/html-formatter-13.0.0.jar:/Users/maryamghalib/.m2/repository/io/cucumber/create-meta/4.0.0/create-meta-4.0.0.jar:/Users/maryamghalib/.m2/repository/org/apiguardian/apiguardian-api/1.1.2/apiguardian-api-1.1.2.jar:/Users/maryamghalib/.m2/repository/commons-io/commons-io/2.11.0/commons-io-2.11.0.jar:/Users/maryamghalib/.m2/repository/org/apache/logging/log4j/log4j-core/2.17.2/log4j-core-2.17.2.jar:/Users/maryamghalib/.m2/repository/org/apache/logging/log4j/log4j-api/2.17.2/log4j-api-2.17.2.jar:/Users/maryamghalib/.m2/repository/log4j/log4j/1.2.17/log4j-1.2.17.jar:/Users/maryamghalib/.m2/repository/net/masterthought/cucumber-reporting/4.11.2/cucumber-reporting-4.11.2.jar:/Users/maryamghalib/.m2/repository/com/fasterxml/jackson/core/jackson-databind/2.9.9.3/jackson-databind-2.9.9.3.jar:/Users/maryamghalib/.m2/repository/com/fasterxml/jackson/core/jackson-annotations/2.9.0/jackson-annotations-2.9.0.jar:/Users/maryamghalib/.m2/repository/com/fasterxml/jackson/core/jackson-core/2.9.9/jackson-core-2.9.9.jar:/Users/maryamghalib/.m2/repository/org/apache/velocity/velocity/1.7/velocity-1.7.jar:/Users/maryamghalib/.m2/repository/commons-lang/commons-lang/2.4/commons-lang-2.4.jar:/Users/maryamghalib/.m2/repository/commons-collections/commons-collections/3.2.2/commons-collections-3.2.2.jar:/Users/maryamghalib/.m2/repository/velocity-tools/velocity-tools/1.4/velocity-tools-1.4.jar:/Users/maryamghalib/.m2/repository/joda-time/joda-time/2.10.2/joda-time-2.10.2.jar:/Users/maryamghalib/.m2/repository/org/apache/commons/commons-lang3/3.9/commons-lang3-3.9.jar:/Users/maryamghalib/.m2/repository/org/codehaus/plexus/plexus-utils/3.2.0/plexus-utils-3.2.0.jar:/Users/maryamghalib/.m2/repository/org/jsoup/jsoup/1.12.1/jsoup-1.12.1.jar:/Users/maryamghalib/.m2/repository/com/googlecode/owasp-java-html-sanitizer/owasp-java-html-sanitizer/20190610.1/owasp-java-html-sanitizer-20190610.1.jar:/Users/maryamghalib/.m2/repository/commons-configuration/commons-configuration/1.10/commons-configuration-1.10.jar:/Users/maryamghalib/.m2/repository/commons-logging/commons-logging/1.1.1/commons-logging-1.1.1.jar:/Users/maryamghalib/.m2/repository/io/cucumber/cucumber-junit/6.11.0/cucumber-junit-6.11.0.jar:/Users/maryamghalib/.m2/repository/io/github/bonigarcia/webdrivermanager/3.8.1/webdrivermanager-3.8.1.jar:/Users/maryamghalib/.m2/repository/org/slf4j/slf4j-api/1.7.25/slf4j-api-1.7.25.jar:/Users/maryamghalib/.m2/repository/com/google/code/gson/gson/2.8.5/gson-2.8.5.jar:/Users/maryamghalib/.m2/repository/org/apache/httpcomponents/httpclient/4.5.6/httpclient-4.5.6.jar:/Users/maryamghalib/.m2/repository/org/apache/httpcomponents/httpcore/4.4.10/httpcore-4.4.10.jar:/Users/maryamghalib/.m2/repository/commons-codec/commons-codec/1.10/commons-codec-1.10.jar:/Users/maryamghalib/.m2/repository/org/rauschig/jarchivelib/1.0.0/jarchivelib-1.0.0.jar:/Users/maryamghalib/.m2/repository/org/apache/commons/commons-compress/1.18/commons-compress-1.18.jar:"/>
    <property name="sun.cpu.endian" value="little"/>
    <property name="user.home" value="/Users/maryamghalib"/>
    <property name="user.language" value="en"/>
    <property name="java.specification.vendor" value="Oracle Corporation"/>
    <property name="java.home" value="/Library/Java/JavaVirtualMachines/jdk1.8.0_241.jdk/Contents/Home/jre"/>
    <property name="basedir" value="/Users/maryamghalib/eclipse-workspace/us.tekschool.capstone.bdd"/>
    <property name="file.separator" value="/"/>
    <property name="line.separator" value="&#10;"/>
    <property name="java.vm.specification.vendor" value="Oracle Corporation"/>
    <property name="java.specification.name" value="Java Platform API Specification"/>
    <property name="java.awt.graphicsenv" value="sun.awt.CGraphicsEnvironment"/>
    <property name="surefire.real.class.path" value="/Users/maryamghalib/eclipse-workspace/us.tekschool.capstone.bdd/target/surefire/surefirebooter7015302254785277937.jar"/>
    <property name="sun.boot.class.path" value="/Library/Java/JavaVirtualMachines/jdk1.8.0_241.jdk/Contents/Home/jre/lib/resources.jar:/Library/Java/JavaVirtualMachines/jdk1.8.0_241.jdk/Contents/Home/jre/lib/rt.jar:/Library/Java/JavaVirtualMachines/jdk1.8.0_241.jdk/Contents/Home/jre/lib/sunrsasign.jar:/Library/Java/JavaVirtualMachines/jdk1.8.0_241.jdk/Contents/Home/jre/lib/jsse.jar:/Library/Java/JavaVirtualMachines/jdk1.8.0_241.jdk/Contents/Home/jre/lib/jce.jar:/Library/Java/JavaVirtualMachines/jdk1.8.0_241.jdk/Contents/Home/jre/lib/charsets.jar:/Library/Java/JavaVirtualMachines/jdk1.8.0_241.jdk/Contents/Home/jre/lib/jfr.jar:/Library/Java/JavaVirtualMachines/jdk1.8.0_241.jdk/Contents/Home/jre/classes"/>
    <property name="sun.management.compiler" value="HotSpot 64-Bit Tiered Compilers"/>
    <property name="ftp.nonProxyHosts" value="local|*.local|169.254/16|*.169.254/16"/>
    <property name="java.runtime.version" value="1.8.0_241-b07"/>
    <property name="user.name" value="maryamghalib"/>
    <property name="path.separator" value=":"/>
    <property name="os.version" value="10.16"/>
    <property name="java.endorsed.dirs" value="/Library/Java/JavaVirtualMachines/jdk1.8.0_241.jdk/Contents/Home/jre/lib/endorsed"/>
    <property name="java.runtime.name" value="Java(TM) SE Runtime Environment"/>
    <property name="file.encoding" value="UTF-8"/>
    <property name="java.vm.name" value="Java HotSpot(TM) 64-Bit Server VM"/>
    <property name="localRepository" value="/Users/maryamghalib/.m2/repository"/>
    <property name="java.vendor.url.bug" value="http://bugreport.sun.com/bugreport/"/>
    <property name="java.io.tmpdir" value="/var/folders/0q/zqkd_dnj5qvcxq9xc3rphdvc0000gn/T/"/>
    <property name="java.version" value="1.8.0_241"/>
    <property name="user.dir" value="/Users/maryamghalib/eclipse-workspace/us.tekschool.capstone.bdd"/>
    <property name="os.arch" value="x86_64"/>
    <property name="java.vm.specification.name" value="Java Virtual Machine Specification"/>
    <property name="java.awt.printerjob" value="sun.lwawt.macosx.CPrinterJob"/>
    <property name="sun.os.patch.level" value="unknown"/>
    <property name="java.library.path" value="/Users/maryamghalib/Library/Java/Extensions:/Library/Java/Extensions:/Network/Library/Java/Extensions:/System/Library/Java/Extensions:/usr/lib/java:."/>
    <property name="java.vm.info" value="mixed mode"/>
    <property name="java.vendor" value="Oracle Corporation"/>
    <property name="java.vm.version" value="25.241-b07"/>
    <property name="java.ext.dirs" value="/Users/maryamghalib/Library/Java/Extensions:/Library/Java/JavaVirtualMachines/jdk1.8.0_241.jdk/Contents/Home/jre/lib/ext:/Library/Java/Extensions:/Network/Library/Java/Extensions:/System/Library/Java/Extensions:/usr/lib/java"/>
    <property name="sun.io.unicode.encoding" value="UnicodeBig"/>
    <property name="java.class.version" value="52.0"/>
    <property name="socksNonProxyHosts" value="local|*.local|169.254/16|*.169.254/16"/>
  </properties>
  <testcase name="Add and Remove a Mac book from Cart" classname="Laptop &amp; NoteBooks" time="0.275">
    <error message="Duplicate step definitions in void step.definition.RetailStepDefinition.user_is_on_Retail_website() and step.definition.DesktopPageStepDefinition.user_is_on_retail_website()" type="io.cucumber.core.runner.DuplicateStepDefinitionException">io.cucumber.core.runner.DuplicateStepDefinitionException: Duplicate step definitions in void step.definition.RetailStepDefinition.user_is_on_Retail_website() and step.definition.DesktopPageStepDefinition.user_is_on_retail_website()
</error>
  </testcase>
  <testcase name="runner.TestRunner" classname="org.apache.maven.surefire.junit4.JUnit4Provider" time="3.97">
    <error type="org.junit.runner.notification.StoppedByUserException">org.junit.runner.notification.StoppedByUserException
	at org.apache.maven.surefire.junit4.JUnit4Provider.execute(JUnit4Provider.java:365)
	at org.apache.maven.surefire.junit4.JUnit4Provider.executeWithRerun(JUnit4Provider.java:273)
	at org.apache.maven.surefire.junit4.JUnit4Provider.executeTestSet(JUnit4Provider.java:238)
	at org.apache.maven.surefire.junit4.JUnit4Provider.invoke(JUnit4Provider.java:159)
</error>
    <system-err><![CDATA[┌──────────────────────────────────────────────────────────────────────────┐
│ View your Cucumber Report at:                                            │
│ https://reports.cucumber.io/reports/9318cbad-de84-4d01-8cbf-491c36a783f6 │
│                                                                          │
│ This report will self-destruct in 24h.                                   │
│ Keep reports forever: https://reports.cucumber.io/profile                │
└──────────────────────────────────────────────────────────────────────────┘Aug 17, 2022 3:11:49 PM net.masterthought.cucumber.ReportParser parseForFeature
INFO: File {0} does not contain features
Aug 17, 2022 3:11:49 PM net.masterthought.cucumber.ReportParser parseJsonFiles
INFO: File 'target/cucumber.json' contains 0 features
Aug 17, 2022 3:11:49 PM net.masterthought.cucumber.ReportBuilder generateErrorPage
INFO: Unexpected error
net.masterthought.cucumber.ValidationException: Passed files have no features!
	at net.masterthought.cucumber.ReportParser.parseJsonFiles(ReportParser.java:78)
	at net.masterthought.cucumber.ReportBuilder.generateReports(ReportBuilder.java:88)
	at utilities.CucumberReportingConfig.reportConfig(CucumberReportingConfig.java:38)
	at runner.TestRunner.generateReport(TestRunner.java:46)
	at sun.reflect.NativeMethodAccessorImpl.invoke0(Native Method)
	at sun.reflect.NativeMethodAccessorImpl.invoke(NativeMethodAccessorImpl.java:62)
	at sun.reflect.DelegatingMethodAccessorImpl.invoke(DelegatingMethodAccessorImpl.java:43)
	at java.lang.reflect.Method.invoke(Method.java:498)
	at org.junit.runners.model.FrameworkMethod$1.runReflectiveCall(FrameworkMethod.java:47)
	at org.junit.internal.runners.model.ReflectiveCallable.run(ReflectiveCallable.java:12)
	at org.junit.runners.model.FrameworkMethod.invokeExplosively(FrameworkMethod.java:44)
	at org.junit.internal.runners.statements.RunAfters.evaluate(RunAfters.java:33)
	at org.junit.runners.ParentRunner.run(ParentRunner.java:309)
	at org.apache.maven.surefire.junit4.JUnit4Provider.execute(JUnit4Provider.java:365)
	at org.apache.maven.surefire.junit4.JUnit4Provider.executeWithRerun(JUnit4Provider.java:273)
	at org.apache.maven.surefire.junit4.JUnit4Provider.executeTestSet(JUnit4Provider.java:238)
	at org.apache.maven.surefire.junit4.JUnit4Provider.invoke(JUnit4Provider.java:159)
	at org.apache.maven.surefire.booter.ForkedBooter.invokeProviderInSameClassLoader(ForkedBooter.java:384)
	at org.apache.maven.surefire.booter.ForkedBooter.runSuitesInProcess(ForkedBooter.java:345)
	at org.apache.maven.surefire.booter.ForkedBooter.execute(ForkedBooter.java:126)
	at org.apache.maven.surefire.booter.ForkedBooter.main(ForkedBooter.java:418)

]]></system-err>
  </testcase>
</testsuite>